<?xml version="1.0" encoding="UTF-8"?>
<!-- Generated by org.testng.reporters.JUnitReportReporter -->
<testsuite hostname="LAPTOP-DCN9E5KL" name="SElenium.AflacConnect_GetWindowHandler" tests="1" failures="0" timestamp="7 Jul 2021 05:06:10 GMT" time="86.939" errors="0">
  <testcase name="SwitchOne" time="86.939" classname="SElenium.AflacConnect_GetWindowHandler"/>
</testsuite> <!-- SElenium.AflacConnect_GetWindowHandler -->
