<?xml version="1.0" encoding="UTF-8"?>
<!-- Generated by org.testng.reporters.JUnitReportReporter -->
<testsuite hostname="LAPTOP-DCN9E5KL" name="P1.selenium1" tests="1" failures="0" timestamp="24 Jun 2021 18:43:15 GMT" time="28.606" errors="0">
  <testcase name="practicemethod1" time="28.606" classname="P1.selenium1"/>
</testsuite> <!-- P1.selenium1 -->
