<?xml version="1.0" encoding="UTF-8"?>
<!-- Generated by org.testng.reporters.JUnitReportReporter -->
<testsuite hostname="LAPTOP-DCN9E5KL" name="SElenium.GetWindowHandler" tests="1" failures="0" timestamp="29 Jun 2021 07:49:43 GMT" time="18.866" errors="0">
  <testcase name="windowHandle" time="18.866" classname="SElenium.GetWindowHandler"/>
</testsuite> <!-- SElenium.GetWindowHandler -->
