<?xml version="1.0" encoding="UTF-8"?>
<!-- Generated by org.testng.reporters.JUnitReportReporter -->
<testsuite hostname="LAPTOP-DCN9E5KL" name="SElenium.TakeScreenshot" tests="1" failures="0" timestamp="24 Jun 2021 19:30:26 GMT" time="26.109" errors="0">
  <testcase name="Screenshot" time="26.109" classname="SElenium.TakeScreenshot"/>
</testsuite> <!-- SElenium.TakeScreenshot -->
