<?xml version="1.0" encoding="UTF-8"?>
<!-- Generated by org.testng.reporters.JUnitReportReporter -->
<testsuite hostname="LAPTOP-DCN9E5KL" name="SElenium.NoOftimesExecution" tests="5" failures="0" timestamp="1 Jul 2021 03:33:57 GMT" time="0.018" errors="0">
  <testcase name="practicemethod1" time="0.011" classname="SElenium.NoOftimesExecution"/>
  <testcase name="practicemethod1" time="0.001" classname="SElenium.NoOftimesExecution"/>
  <testcase name="practicemethod1" time="0.002" classname="SElenium.NoOftimesExecution"/>
  <testcase name="practicemethod1" time="0.002" classname="SElenium.NoOftimesExecution"/>
  <testcase name="practicemethod1" time="0.002" classname="SElenium.NoOftimesExecution"/>
</testsuite> <!-- SElenium.NoOftimesExecution -->
